<?xml version="1.0" encoding="UTF-8"?>
<!-- Generated by org.testng.reporters.JUnitXMLReporter -->
<testsuite ignored="0" hostname="SUDHA" failures="0" tests="3" name="SubmitOrderTest" time="32.045" errors="0" timestamp="2025-12-03T11:23:50 IST">
  <testcase classname="rahulsettyacadamy.tests.SubmitOrderTest" name="SubmitOrder" time="3.825"/>
  <testcase classname="rahulsettyacadamy.tests.SubmitOrderTest" name="SubmitOrder" time="3.751"/>
  <testcase classname="rahulsettyacadamy.tests.SubmitOrderTest" name="OrderHistoryTest" time="1.93"/>
</testsuite> <!-- SubmitOrderTest -->
