<?xml version="1.0" encoding="UTF-8"?>
<testng-results ignored="0" total="5" passed="4" failed="1" skipped="0">
  <reporter-output>
  </reporter-output>
  <suite started-at="2025-12-03T11:23:18 IST" name="Suite" finished-at="2025-12-03T11:23:50 IST" duration-ms="32045">
    <groups>
      <group name="ErrorHandling">
        <method signature="ErrorValidationTest.LoginErrorValidation()[pri:0, instance:rahulsettyacadamy.tests.ErrorValidationTest@5f77d0f9]" name="LoginErrorValidation" class="rahulsettyacadamy.tests.ErrorValidationTest"/>
      </group> <!-- ErrorHandling -->
      <group name="Purchase">
        <method signature="SubmitOrderTest.SubmitOrder(java.util.HashMap)[pri:0, instance:rahulsettyacadamy.tests.SubmitOrderTest@22f59fa]" name="SubmitOrder" class="rahulsettyacadamy.tests.SubmitOrderTest"/>
      </group> <!-- Purchase -->
    </groups>
    <test started-at="2025-12-03T11:23:18 IST" name="ErrorVadationTest" finished-at="2025-12-03T11:23:48 IST" duration-ms="30229">
      <class name="rahulsettyacadamy.tests.ErrorValidationTest">
        <test-method is-config="true" signature="lanuchApplication()[pri:0, instance:rahulsettyacadamy.tests.ErrorValidationTest@5f77d0f9]" started-at="2025-12-03T11:23:18 IST" name="lanuchApplication" finished-at="2025-12-03T11:23:22 IST" duration-ms="4635" status="PASS">
          <reporter-output>
          </reporter-output>
        </test-method> <!-- lanuchApplication -->
        <test-method signature="LoginErrorValidation()[pri:0, instance:rahulsettyacadamy.tests.ErrorValidationTest@5f77d0f9]" started-at="2025-12-03T11:23:22 IST" name="LoginErrorValidation" finished-at="2025-12-03T11:23:40 IST" duration-ms="18134" status="FAIL">
          <exception class="java.lang.AssertionError">
            <message>
              <![CDATA[expected [Incorrect email or password.] but found [Incorrect email  password.]]]>
            </message>
            <full-stacktrace>
              <![CDATA[java.lang.AssertionError: expected [Incorrect email or password.] but found [Incorrect email  password.]
at org.testng.Assert.fail(Assert.java:111)
at org.testng.Assert.failNotEquals(Assert.java:1590)
at org.testng.Assert.assertEqualsImpl(Assert.java:150)
at org.testng.Assert.assertEquals(Assert.java:132)
at org.testng.Assert.assertEquals(Assert.java:656)
at org.testng.Assert.assertEquals(Assert.java:666)
at rahulsettyacadamy.tests.ErrorValidationTest.LoginErrorValidation(ErrorValidationTest.java:23)
at java.base/jdk.internal.reflect.DirectMethodHandleAccessor.invoke(DirectMethodHandleAccessor.java:103)
at java.base/java.lang.reflect.Method.invoke(Method.java:580)
at org.testng.internal.invokers.MethodInvocationHelper.invokeMethod(MethodInvocationHelper.java:141)
at org.testng.internal.invokers.TestInvoker.invokeMethod(TestInvoker.java:687)
at org.testng.internal.invokers.TestInvoker.invokeTestMethod(TestInvoker.java:230)
at org.testng.internal.invokers.MethodRunner.runInSequence(MethodRunner.java:63)
at org.testng.internal.invokers.TestInvoker$MethodInvocationAgent.invoke(TestInvoker.java:995)
at org.testng.internal.invokers.TestInvoker.invokeTestMethods(TestInvoker.java:203)
at org.testng.internal.invokers.TestMethodWorker.invokeTestMethods(TestMethodWorker.java:154)
at org.testng.internal.invokers.TestMethodWorker.run(TestMethodWorker.java:134)
at java.base/java.util.ArrayList.forEach(ArrayList.java:1596)
at org.testng.TestRunner.privateRun(TestRunner.java:741)
at org.testng.TestRunner.run(TestRunner.java:616)
at org.testng.SuiteRunner.runTest(SuiteRunner.java:421)
at org.testng.SuiteRunner$SuiteWorker.run(SuiteRunner.java:463)
at org.testng.internal.thread.ThreadUtil.lambda$execute$0(ThreadUtil.java:64)
at java.base/java.util.concurrent.FutureTask.run(FutureTask.java:317)
at java.base/java.util.concurrent.ThreadPoolExecutor.runWorker(ThreadPoolExecutor.java:1144)
at java.base/java.util.concurrent.ThreadPoolExecutor$Worker.run(ThreadPoolExecutor.java:642)
at java.base/java.lang.Thread.run(Thread.java:1583)
]]>
            </full-stacktrace>
          </exception> <!-- java.lang.AssertionError -->
          <reporter-output>
          </reporter-output>
        </test-method> <!-- LoginErrorValidation -->
        <test-method is-config="true" signature="tearDown()[pri:0, instance:rahulsettyacadamy.tests.ErrorValidationTest@5f77d0f9]" started-at="2025-12-03T11:23:41 IST" name="tearDown" finished-at="2025-12-03T11:23:41 IST" duration-ms="203" status="PASS">
          <reporter-output>
          </reporter-output>
        </test-method> <!-- tearDown -->
        <test-method is-config="true" signature="lanuchApplication()[pri:0, instance:rahulsettyacadamy.tests.ErrorValidationTest@5f77d0f9]" started-at="2025-12-03T11:23:41 IST" name="lanuchApplication" finished-at="2025-12-03T11:23:44 IST" duration-ms="2609" status="PASS">
          <reporter-output>
          </reporter-output>
        </test-method> <!-- lanuchApplication -->
        <test-method signature="ProductErrorValidation()[pri:0, instance:rahulsettyacadamy.tests.ErrorValidationTest@5f77d0f9]" started-at="2025-12-03T11:23:44 IST" name="ProductErrorValidation" finished-at="2025-12-03T11:23:48 IST" duration-ms="3799" status="PASS">
          <reporter-output>
          </reporter-output>
        </test-method> <!-- ProductErrorValidation -->
        <test-method is-config="true" signature="tearDown()[pri:0, instance:rahulsettyacadamy.tests.ErrorValidationTest@5f77d0f9]" started-at="2025-12-03T11:23:48 IST" name="tearDown" finished-at="2025-12-03T11:23:48 IST" duration-ms="252" status="PASS">
          <reporter-output>
          </reporter-output>
        </test-method> <!-- tearDown -->
      </class> <!-- rahulsettyacadamy.tests.ErrorValidationTest -->
    </test> <!-- ErrorVadationTest -->
    <test started-at="2025-12-03T11:23:18 IST" name="SubmitOrderTest" finished-at="2025-12-03T11:23:50 IST" duration-ms="32045">
      <class name="rahulsettyacadamy.tests.SubmitOrderTest">
        <test-method is-config="true" signature="lanuchApplication()[pri:0, instance:rahulsettyacadamy.tests.SubmitOrderTest@22f59fa]" started-at="2025-12-03T11:23:18 IST" name="lanuchApplication" finished-at="2025-12-03T11:23:28 IST" duration-ms="9574" status="PASS">
          <reporter-output>
          </reporter-output>
        </test-method> <!-- lanuchApplication -->
        <test-method signature="SubmitOrder(java.util.HashMap)[pri:0, instance:rahulsettyacadamy.tests.SubmitOrderTest@22f59fa]" started-at="2025-12-03T11:23:28 IST" name="SubmitOrder" data-provider="getData" finished-at="2025-12-03T11:23:31 IST" duration-ms="3825" status="PASS">
          <params>
            <param index="0">
              <value>
                <![CDATA[{password=sudha@18Hari, product=ADIDAS ORIGINAL, email=sudhaayyasamy18@gmail.com}]]>
              </value>
            </param>
          </params>
          <reporter-output>
          </reporter-output>
        </test-method> <!-- SubmitOrder -->
        <test-method is-config="true" signature="tearDown()[pri:0, instance:rahulsettyacadamy.tests.SubmitOrderTest@22f59fa]" started-at="2025-12-03T11:23:31 IST" name="tearDown" finished-at="2025-12-03T11:23:31 IST" duration-ms="133" status="PASS">
          <reporter-output>
          </reporter-output>
        </test-method> <!-- tearDown -->
        <test-method is-config="true" signature="lanuchApplication()[pri:0, instance:rahulsettyacadamy.tests.SubmitOrderTest@22f59fa]" started-at="2025-12-03T11:23:31 IST" name="lanuchApplication" finished-at="2025-12-03T11:23:38 IST" duration-ms="6621" status="PASS">
          <reporter-output>
          </reporter-output>
        </test-method> <!-- lanuchApplication -->
        <test-method signature="SubmitOrder(java.util.HashMap)[pri:0, instance:rahulsettyacadamy.tests.SubmitOrderTest@22f59fa]" started-at="2025-12-03T11:23:38 IST" name="SubmitOrder" data-provider="getData" finished-at="2025-12-03T11:23:42 IST" duration-ms="3751" status="PASS">
          <params>
            <param index="0">
              <value>
                <![CDATA[{password=sudha@18Hari, product=ZARA COAT 3, email=sudhaayyasamy18@gmail.com}]]>
              </value>
            </param>
          </params>
          <reporter-output>
          </reporter-output>
        </test-method> <!-- SubmitOrder -->
        <test-method is-config="true" signature="tearDown()[pri:0, instance:rahulsettyacadamy.tests.SubmitOrderTest@22f59fa]" started-at="2025-12-03T11:23:42 IST" name="tearDown" finished-at="2025-12-03T11:23:43 IST" duration-ms="1149" status="PASS">
          <reporter-output>
          </reporter-output>
        </test-method> <!-- tearDown -->
        <test-method is-config="true" signature="lanuchApplication()[pri:0, instance:rahulsettyacadamy.tests.SubmitOrderTest@22f59fa]" started-at="2025-12-03T11:23:43 IST" name="lanuchApplication" finished-at="2025-12-03T11:23:47 IST" duration-ms="4324" status="PASS">
          <reporter-output>
          </reporter-output>
        </test-method> <!-- lanuchApplication -->
        <test-method signature="OrderHistoryTest()[pri:0, instance:rahulsettyacadamy.tests.SubmitOrderTest@22f59fa]" started-at="2025-12-03T11:23:47 IST" name="OrderHistoryTest" finished-at="2025-12-03T11:23:49 IST" depends-on-methods="rahulsettyacadamy.tests.SubmitOrderTest.SubmitOrder" duration-ms="1930" status="PASS">
          <reporter-output>
          </reporter-output>
        </test-method> <!-- OrderHistoryTest -->
        <test-method is-config="true" signature="tearDown()[pri:0, instance:rahulsettyacadamy.tests.SubmitOrderTest@22f59fa]" started-at="2025-12-03T11:23:49 IST" name="tearDown" finished-at="2025-12-03T11:23:50 IST" duration-ms="272" status="PASS">
          <reporter-output>
          </reporter-output>
        </test-method> <!-- tearDown -->
      </class> <!-- rahulsettyacadamy.tests.SubmitOrderTest -->
    </test> <!-- SubmitOrderTest -->
  </suite> <!-- Suite -->
</testng-results>
