<?xml version="1.0" encoding="UTF-8"?>
<!-- Generated by org.testng.reporters.JUnitReportReporter -->
<testsuite hostname="SUDHA" failures="0" tests="3" name="rahulsettyacadamy.tests.SubmitOrderTest" time="31.579" errors="0" timestamp="2025-12-03T11:23:50 IST" skipped="0">
  <testcase classname="rahulsettyacadamy.tests.SubmitOrderTest" name="SubmitOrder" time="9.224"/>
  <testcase classname="rahulsettyacadamy.tests.SubmitOrderTest" name="OrderHistoryTest" time="11.637"/>
  <testcase classname="rahulsettyacadamy.tests.SubmitOrderTest" name="SubmitOrder" time="10.718"/>
</testsuite> <!-- rahulsettyacadamy.tests.SubmitOrderTest -->
