<?xml version="1.0" encoding="UTF-8"?>
<!-- Generated by org.testng.reporters.JUnitReportReporter -->
<testsuite hostname="SUDHA" failures="0" tests="3" name="rahulsettyacadamy.tests.SubmitOrderTest" time="23.378" errors="0" timestamp="2025-12-08T12:26:14 IST" skipped="0">
  <testcase classname="rahulsettyacadamy.tests.SubmitOrderTest" name="SubmitOrder" time="11.558"/>
  <testcase classname="rahulsettyacadamy.tests.SubmitOrderTest" name="SubmitOrder" time="6.605"/>
  <testcase classname="rahulsettyacadamy.tests.SubmitOrderTest" name="OrderHistoryTest" time="5.215"/>
</testsuite> <!-- rahulsettyacadamy.tests.SubmitOrderTest -->
